0 info it worked if it ends with ok
1 verbose cli [ '/Users/yamamoto/.nodebrew/node/v0.8.14/bin/node',
1 verbose cli   '/Users/yamamoto/.nodebrew/current/bin/npm',
1 verbose cli   'i' ]
2 info using npm@1.1.65
3 info using node@v0.8.14
4 verbose read json /Users/yamamoto/program/openframeworks/of_v0072_osx_release/apps/myApps/DieHard/server/package.json
5 error install Couldn't read dependencies
6 error Failed to parse json
6 error Unexpected string
7 error File: /Users/yamamoto/program/openframeworks/of_v0072_osx_release/apps/myApps/DieHard/server/package.json
8 error Failed to parse package.json data.
8 error package.json must be actual JSON, not just JavaScript.
8 error
8 error This is not a bug in npm.
8 error Tell the package author to fix their package.json file. JSON.parse
9 error System Darwin 12.2.0
10 error command "/Users/yamamoto/.nodebrew/node/v0.8.14/bin/node" "/Users/yamamoto/.nodebrew/current/bin/npm" "i"
11 error cwd /Users/yamamoto/program/openframeworks/of_v0072_osx_release/apps/myApps/DieHard/server
12 error node -v v0.8.14
13 error npm -v 1.1.65
14 error file /Users/yamamoto/program/openframeworks/of_v0072_osx_release/apps/myApps/DieHard/server/package.json
15 error code EJSONPARSE
16 verbose exit [ 1, true ]
